<?xml version="1.0" encoding="UTF-8"?>
<testng-results ignored="0" total="1" passed="1" failed="0" skipped="0">
  <reporter-output>
  </reporter-output>
  <suite started-at="2021-12-09T15:47:25 IST" name="Default suite" finished-at="2021-12-09T15:47:26 IST" duration-ms="110">
    <groups>
    </groups>
    <test started-at="2021-12-09T15:47:25 IST" name="Default test" finished-at="2021-12-09T15:47:26 IST" duration-ms="110">
      <class name="GitHubDemo">
        <test-method signature="demo1()[pri:0, instance:GitHubDemo@1f97cf0d]" started-at="2021-12-09T15:47:25 IST" name="demo1" finished-at="2021-12-09T15:47:25 IST" duration-ms="20" status="PASS">
          <reporter-output>
          </reporter-output>
        </test-method> <!-- demo1 -->
      </class> <!-- GitHubDemo -->
    </test> <!-- Default test -->
  </suite> <!-- Default suite -->
</testng-results>
